[2024-03-01 11:22:25.288] [modengine] [info] Attempting to load global config at C:\Users\benja\Modding\FROM Software\Mod Engine\DS3 Mod Engine\modengine2\config.toml
[2024-03-01 11:22:25.288] [modengine] [info] Attempting to load mod settings config at C:\Users\benja\Modding\FROM Software\Mod Engine\DS3 Mod Engine\config_cinders_reborn.toml
[2024-03-01 11:22:25.288] [modengine] [info] Local config loaded
[2024-03-01 11:22:25.288] [modengine] [info] ModEngine version 2.1.0-0924ab36f1311bf84e7e626740b4bf2c0d54909a initializing for Dark Souls 3
[2024-03-01 11:22:25.288] [modengine] [info] Local settings loaded: true, Global settings loaded: false
[2024-03-01 11:22:25.288] [modengine] [info] Main thread ID: 19428
[2024-03-01 11:22:25.289] [modengine] [info] Enabling extension base
[2024-03-01 11:22:25.289] [modengine] [info] Enabled extension base
[2024-03-01 11:22:25.289] [modengine] [info] Enabling extension mod_loader
[2024-03-01 11:22:25.289] [modengine] [info] Installing mod location C:\Users\benja\Modding\DS3\Projects\Cinders-Reborn\
[2024-03-01 11:22:25.289] [modengine] [info] Resolved mod path to C:\Users\benja\Modding\DS3\Projects\Cinders-Reborn\
[2024-03-01 11:22:25.289] [modengine] [info] Enabled extension mod_loader
[2024-03-01 11:22:25.289] [modengine] [info] Enabling extension scylla_hide
[2024-03-01 11:22:25.290] [modengine] [info] Found valid ScyllaHide injector. Injecting into game.
[2024-03-01 11:22:25.290] [modengine] [info] Starting ScyllaHide injector: C:\Users\benja\Modding\FROM Software\Mod Engine\DS3 Mod Engine\modengine2\tools\scyllahide\InjectorCLIx64.exe pid:16636 ./HookLibraryx64.dll nowait
[2024-03-01 11:22:25.293] [modengine] [info] Launched Scyllahide process.
[2024-03-01 11:22:25.548] [modengine] [info] ScyllaHide successfully injected
[2024-03-01 11:22:25.548] [modengine] [info] Enabled extension scylla_hide
[2024-03-01 11:22:25.573] [modengine] [info] Applied 3 hooks
[2024-03-01 11:22:25.575] [modengine] [info] Starting worker thread
[2024-03-01 11:26:09.507] [modengine] [info] Attempting to load global config at C:\Users\benja\Modding\FROM Software\Mod Engine\DS3 Mod Engine\modengine2\config.toml
[2024-03-01 11:26:09.507] [modengine] [info] Attempting to load mod settings config at C:\Users\benja\Modding\FROM Software\Mod Engine\DS3 Mod Engine\config_cinders_reborn.toml
[2024-03-01 11:26:09.507] [modengine] [info] Local config loaded
[2024-03-01 11:26:09.507] [modengine] [info] ModEngine version 2.1.0-0924ab36f1311bf84e7e626740b4bf2c0d54909a initializing for Dark Souls 3
[2024-03-01 11:26:09.507] [modengine] [info] Local settings loaded: true, Global settings loaded: false
[2024-03-01 11:26:09.507] [modengine] [info] Main thread ID: 16392
[2024-03-01 11:26:09.509] [modengine] [info] Enabling extension base
[2024-03-01 11:26:09.509] [modengine] [info] Enabled extension base
[2024-03-01 11:26:09.509] [modengine] [info] Enabling extension mod_loader
[2024-03-01 11:26:09.509] [modengine] [info] Installing mod location C:\Users\benja\Modding\Dark Souls III\Projects\Cinders-Reborn\
[2024-03-01 11:26:09.509] [modengine] [info] Resolved mod path to C:\Users\benja\Modding\Dark Souls III\Projects\Cinders-Reborn\
[2024-03-01 11:26:09.509] [modengine] [info] Enabled extension mod_loader
[2024-03-01 11:26:09.509] [modengine] [info] Enabling extension scylla_hide
[2024-03-01 11:26:09.509] [modengine] [info] Found valid ScyllaHide injector. Injecting into game.
[2024-03-01 11:26:09.509] [modengine] [info] Starting ScyllaHide injector: C:\Users\benja\Modding\FROM Software\Mod Engine\DS3 Mod Engine\modengine2\tools\scyllahide\InjectorCLIx64.exe pid:29800 ./HookLibraryx64.dll nowait
[2024-03-01 11:26:09.513] [modengine] [info] Launched Scyllahide process.
[2024-03-01 11:26:09.762] [modengine] [info] ScyllaHide successfully injected
[2024-03-01 11:26:09.762] [modengine] [info] Enabled extension scylla_hide
[2024-03-01 11:26:09.787] [modengine] [info] Applied 3 hooks
[2024-03-01 11:26:09.788] [modengine] [info] Starting worker thread
[2024-03-01 11:31:17.437] [modengine] [info] Destroying
[2024-03-01 11:31:17.437] [modengine] [info] Destroying
[2024-03-01 11:31:17.437] [modengine] [info] Destroying
[2024-03-01 11:31:17.437] [modengine] [info] Destroying
[2024-03-01 11:31:17.437] [modengine] [info] Destroying
[2024-03-01 11:31:17.437] [modengine] [info] Destroying
[2024-03-01 11:31:17.437] [modengine] [info] Destroying
[2024-03-01 11:31:17.437] [modengine] [info] Destroying
[2024-03-01 11:31:17.437] [modengine] [info] Destroying
[2024-03-01 11:31:17.437] [modengine] [info] Destroying
